<?xml version="1.0" encoding="UTF-8"?>
<testsuite xmlns:xsi="http://www.w3.org/2001/XMLSchema-instance" xsi:noNamespaceSchemaLocation="https://maven.apache.org/surefire/maven-surefire-plugin/xsd/surefire-test-report-3.0.xsd" version="3.0" name="org.acme.GreetingResourceTest" time="4.683" tests="1" errors="0" skipped="0" failures="0">
  <properties>
[...]
</properties>
  <testcase name="testHelloEndpoint" classname="org.acme.GreetingResourceTest" time="1.12">
    <system-out><![CDATA[2022-05-02 15:13:16,283 INFO  [org.jbo.threads] (main) JBoss Threads version 3.4.2.Final
2022-05-02 15:13:18,487 INFO  [io.quarkus] (main) quarkus-secret-example 1.0.0-SNAPSHOT on JVM (powered by Quarkus 2.8.2.Final) started in 2.883s. Listening on: http://localhost:8081
2022-05-02 15:13:18,487 INFO  [io.quarkus] (main) Profile test activated. 
2022-05-02 15:13:18,487 INFO  [io.quarkus] (main) Installed features: [cdi, kubernetes, kubernetes-client, resteasy-reactive, smallrye-context-propagation, vertx]
]]></system-out>
  </testcase>
</testsuite>